Using pre-set license
Built from '2020.2/release' branch; Version is '2020.2.4f1 (becced5a802b) revision 12504301'; Using compiler version '192528614'; Build Type 'Release'
OS: 'Windows 10 Home; OS build 22621.1702; Version 2009; 64bit' Language: 'es' Physical Memory: 16227 MB
BatchMode: 1, IsHumanControllingUs: 0, StartBugReporterOnCrash: 0, Is64bit: 1, IsPro: 0

 COMMAND LINE ARGUMENTS:
C:\Program Files\Unity\Hub\Editor\2020.2.4f1\Editor\Unity.exe
-adb2
-batchMode
-noUpm
-name
AssetImportWorker0
-projectPath
C:/Users/carol/Documents/carol/sistemes interactius/BosCoop/BosCoop
-logFile
Logs/AssetImportWorker0.log
-srvPort
53305
Successfully changed project path to: C:/Users/carol/Documents/carol/sistemes interactius/BosCoop/BosCoop
C:/Users/carol/Documents/carol/sistemes interactius/BosCoop/BosCoop
Using Asset Import Pipeline V2.
Refreshing native plugins compatible for Editor in 92.91 ms, found 2 plugins.
Preloading 0 native plugins for Editor in 0.00 ms.
Initialize engine version: 2020.2.4f1 (becced5a802b)
[Subsystems] Discovering subsystems at path C:/Program Files/Unity/Hub/Editor/2020.2.4f1/Editor/Data/Resources/UnitySubsystems
[Subsystems] Discovering subsystems at path C:/Users/carol/Documents/carol/sistemes interactius/BosCoop/BosCoop/Assets
GfxDevice: creating device client; threaded=0
Direct3D:
    Version:  Direct3D 11.0 [level 11.1]
    Renderer: NVIDIA GeForce GTX 1650 with Max-Q Design (ID=0x1f91)
    Vendor:   
    VRAM:     3949 MB
    Driver:   31.0.15.3179
Shader 'Universal Render Pipeline/Particles/Lit': fallback shader 'Universal Render Pipeline/Particles/SimpleLit' not found
Initialize mono
Mono path[0] = 'C:/Program Files/Unity/Hub/Editor/2020.2.4f1/Editor/Data/Managed'
Mono path[1] = 'C:/Program Files/Unity/Hub/Editor/2020.2.4f1/Editor/Data/MonoBleedingEdge/lib/mono/unityjit'
Mono config path = 'C:/Program Files/Unity/Hub/Editor/2020.2.4f1/Editor/Data/MonoBleedingEdge/etc'
Using monoOptions --debugger-agent=transport=dt_socket,embedding=1,server=y,suspend=n,address=127.0.0.1:56508
Begin MonoManager ReloadAssembly
Registering precompiled unity dll's ...
Register platform support module: C:/Program Files/Unity/Hub/Editor/2020.2.4f1/Editor/Data/PlaybackEngines/WindowsStandaloneSupport/UnityEditor.WindowsStandalone.Extensions.dll
Registered in 0.005216 seconds.
Native extension for WindowsStandalone target not found
Refreshing native plugins compatible for Editor in 94.16 ms, found 2 plugins.
Preloading 0 native plugins for Editor in 0.00 ms.
Invoked RoslynAnalysisRunner static constructor.
RoslynAnalysisRunner will not be running.
RoslynAnalysisRunner has terminated.
Mono: successfully reloaded assembly
- Completed reload, in  2.280 seconds
Platform modules already initialized, skipping
Registering precompiled user dll's ...
Registered in 0.016644 seconds.
Begin MonoManager ReloadAssembly
Native extension for WindowsStandalone target not found
Refreshing native plugins compatible for Editor in 90.57 ms, found 2 plugins.
Preloading 0 native plugins for Editor in 0.00 ms.
Invoked RoslynAnalysisRunner static constructor.
RoslynAnalysisRunner will not be running.
RoslynAnalysisRunner has terminated.
Mono: successfully reloaded assembly
- Completed reload, in  1.413 seconds
Platform modules already initialized, skipping
========================================================================
Worker process is ready to serve import requests
Shader 'Universal Render Pipeline/Particles/Lit': fallback shader 'Universal Render Pipeline/Particles/SimpleLit' not found
Launched and connected shader compiler UnityShaderCompiler.exe after 0.13 seconds
Refreshing native plugins compatible for Editor in 0.75 ms, found 2 plugins.
Preloading 0 native plugins for Editor in 0.00 ms.
Unloading 3816 Unused Serialized files (Serialized files now loaded: 0)
System memory in use before: 198.1 MB.
System memory in use after: 198.3 MB.

Unloading 14 unused Assets to reduce memory usage. Loaded Objects now: 4270.
Total: 4.987100 ms (FindLiveObjects: 0.549400 ms CreateObjectMapping: 0.362600 ms MarkObjects: 3.937100 ms  DeleteObjects: 0.135000 ms)

========================================================================
Received Import Request.
  path: Assets/Atrezzo/Avatar Things/Environment/Ground/Materials/Moss_Mat_MaskMap.png
  artifactKey: Guid(4d5c92a7658ca1f4792fc06d96b669f1) Importer(815301076,1909f56bfc062723c751e8b465ee728b)
Start importing Assets/Atrezzo/Avatar Things/Environment/Ground/Materials/Moss_Mat_MaskMap.png using Guid(4d5c92a7658ca1f4792fc06d96b669f1) Importer(815301076,1909f56bfc062723c751e8b465ee728b)  -> (artifact id: '006d401c40eb27f2b3d41e35ff14afa9') in 0.159622 seconds
  Import took 0.171626 seconds .

========================================================================
Received Import Request.
  Time since last request: 0.000639 seconds.
  path: Assets/Atrezzo/Avatar Things/Environment/Ground/Materials/Ground_Mat.mat
  artifactKey: Guid(61be5fb840b83854a95a1ef4982462cd) Importer(815301076,1909f56bfc062723c751e8b465ee728b)
Start importing Assets/Atrezzo/Avatar Things/Environment/Ground/Materials/Ground_Mat.mat using Guid(61be5fb840b83854a95a1ef4982462cd) Importer(815301076,1909f56bfc062723c751e8b465ee728b)  -> (artifact id: 'f8c1fd8abfc7d720614f07e8ccbb905a') in 1.109412 seconds
  Import took 1.123220 seconds .

========================================================================
Received Import Request.
  Time since last request: 0.000535 seconds.
  path: Assets/Atrezzo/Avatar Things/Environment/Ground/Materials/Moss_Mat.mat
  artifactKey: Guid(9f1e1e6c36df17a48b610353e7d0bc21) Importer(815301076,1909f56bfc062723c751e8b465ee728b)
Start importing Assets/Atrezzo/Avatar Things/Environment/Ground/Materials/Moss_Mat.mat using Guid(9f1e1e6c36df17a48b610353e7d0bc21) Importer(815301076,1909f56bfc062723c751e8b465ee728b)  -> (artifact id: '528d1ecbc1b95eba8ebab587e0cf5d1c') in 0.128269 seconds
  Import took 0.141778 seconds .

========================================================================
Received Prepare
Shader 'Universal Render Pipeline/Particles/Lit': fallback shader 'Universal Render Pipeline/Particles/SimpleLit' not found
Refreshing native plugins compatible for Editor in 5.83 ms, found 2 plugins.
Preloading 0 native plugins for Editor in 0.00 ms.
Unloading 7 Unused Serialized files (Serialized files now loaded: 0)
System memory in use before: 122.3 MB.
System memory in use after: 122.5 MB.

Unloading 7 unused Assets to reduce memory usage. Loaded Objects now: 4742.
Total: 6.875800 ms (FindLiveObjects: 0.436600 ms CreateObjectMapping: 0.215400 ms MarkObjects: 6.202300 ms  DeleteObjects: 0.019900 ms)

AssetImportWorkerClient::OnTransportError - code=2 error=End of file
