Using pre-set license
Built from '2020.2/release' branch; Version is '2020.2.4f1 (becced5a802b) revision 12504301'; Using compiler version '192528614'; Build Type 'Release'
OS: 'Windows 10 Home; OS build 22621.1702; Version 2009; 64bit' Language: 'es' Physical Memory: 16227 MB
BatchMode: 1, IsHumanControllingUs: 0, StartBugReporterOnCrash: 0, Is64bit: 1, IsPro: 0

 COMMAND LINE ARGUMENTS:
C:\Program Files\Unity\Hub\Editor\2020.2.4f1\Editor\Unity.exe
-adb2
-batchMode
-noUpm
-name
AssetImportWorker0
-projectPath
C:/Users/carol/Documents/sistemes interactius/BosCoop/BosCoop
-logFile
Logs/AssetImportWorker0.log
-srvPort
65351
Successfully changed project path to: C:/Users/carol/Documents/sistemes interactius/BosCoop/BosCoop
C:/Users/carol/Documents/sistemes interactius/BosCoop/BosCoop
Using Asset Import Pipeline V2.
Refreshing native plugins compatible for Editor in 89.76 ms, found 2 plugins.
Preloading 0 native plugins for Editor in 0.00 ms.
Initialize engine version: 2020.2.4f1 (becced5a802b)
[Subsystems] Discovering subsystems at path C:/Program Files/Unity/Hub/Editor/2020.2.4f1/Editor/Data/Resources/UnitySubsystems
[Subsystems] Discovering subsystems at path C:/Users/carol/Documents/sistemes interactius/BosCoop/BosCoop/Assets
GfxDevice: creating device client; threaded=0
Direct3D:
    Version:  Direct3D 11.0 [level 11.1]
    Renderer: NVIDIA GeForce GTX 1650 with Max-Q Design (ID=0x1f91)
    Vendor:   
    VRAM:     3949 MB
    Driver:   31.0.15.3179
Shader 'Universal Render Pipeline/Particles/Lit': fallback shader 'Universal Render Pipeline/Particles/SimpleLit' not found
Initialize mono
Mono path[0] = 'C:/Program Files/Unity/Hub/Editor/2020.2.4f1/Editor/Data/Managed'
Mono path[1] = 'C:/Program Files/Unity/Hub/Editor/2020.2.4f1/Editor/Data/MonoBleedingEdge/lib/mono/unityjit'
Mono config path = 'C:/Program Files/Unity/Hub/Editor/2020.2.4f1/Editor/Data/MonoBleedingEdge/etc'
Using monoOptions --debugger-agent=transport=dt_socket,embedding=1,server=y,suspend=n,address=127.0.0.1:56408
Begin MonoManager ReloadAssembly
Registering precompiled unity dll's ...
Register platform support module: C:/Program Files/Unity/Hub/Editor/2020.2.4f1/Editor/Data/PlaybackEngines/WindowsStandaloneSupport/UnityEditor.WindowsStandalone.Extensions.dll
Registered in 0.002274 seconds.
Native extension for WindowsStandalone target not found
Refreshing native plugins compatible for Editor in 85.29 ms, found 2 plugins.
Preloading 0 native plugins for Editor in 0.00 ms.
Invoked RoslynAnalysisRunner static constructor.
RoslynAnalysisRunner will not be running.
RoslynAnalysisRunner has terminated.
Mono: successfully reloaded assembly
- Completed reload, in  1.130 seconds
Platform modules already initialized, skipping
Registering precompiled user dll's ...
Registered in 0.003723 seconds.
Begin MonoManager ReloadAssembly
Native extension for WindowsStandalone target not found
Refreshing native plugins compatible for Editor in 99.48 ms, found 2 plugins.
Preloading 0 native plugins for Editor in 0.00 ms.
Invoked RoslynAnalysisRunner static constructor.
RoslynAnalysisRunner will not be running.
RoslynAnalysisRunner has terminated.
Mono: successfully reloaded assembly
- Completed reload, in  1.328 seconds
Platform modules already initialized, skipping
========================================================================
Worker process is ready to serve import requests
Shader 'Universal Render Pipeline/Particles/Lit': fallback shader 'Universal Render Pipeline/Particles/SimpleLit' not found
Launched and connected shader compiler UnityShaderCompiler.exe after 0.05 seconds
Refreshing native plugins compatible for Editor in 0.97 ms, found 2 plugins.
Preloading 0 native plugins for Editor in 0.00 ms.
Unloading 3809 Unused Serialized files (Serialized files now loaded: 0)
System memory in use before: 197.4 MB.
System memory in use after: 197.6 MB.

Unloading 14 unused Assets to reduce memory usage. Loaded Objects now: 4263.
Total: 2.813600 ms (FindLiveObjects: 0.381300 ms CreateObjectMapping: 0.199400 ms MarkObjects: 2.130200 ms  DeleteObjects: 0.099400 ms)

========================================================================
Received Import Request.
  path: Assets/Atrezzo/Bolet
  artifactKey: Guid(29fd126987a3c4b15bbf10ed514a57e4) Importer(815301076,1909f56bfc062723c751e8b465ee728b)
Start importing Assets/Atrezzo/Bolet using Guid(29fd126987a3c4b15bbf10ed514a57e4) Importer(815301076,1909f56bfc062723c751e8b465ee728b)  -> (artifact id: '18ea5247dcc1da9f8940351a3cee98df') in 0.013784 seconds
  Import took 0.020824 seconds .

========================================================================
Received Import Request.
  Time since last request: 0.000419 seconds.
  path: Assets/Atrezzo
  artifactKey: Guid(71e1dc87974584212856c6aa6e45f45d) Importer(815301076,1909f56bfc062723c751e8b465ee728b)
Start importing Assets/Atrezzo using Guid(71e1dc87974584212856c6aa6e45f45d) Importer(815301076,1909f56bfc062723c751e8b465ee728b)  -> (artifact id: '1aadb352feebaa5733f51a992918e34d') in 0.009291 seconds
  Import took 0.016901 seconds .

========================================================================
Received Import Request.
  Time since last request: 23.740664 seconds.
  path: Assets/Atrezzo/Bolet/textures/MaterialBolet.mat
  artifactKey: Guid(479221c495a8f4d8e90daaa807dce6cb) Importer(815301076,1909f56bfc062723c751e8b465ee728b)
Start importing Assets/Atrezzo/Bolet/textures/MaterialBolet.mat using Guid(479221c495a8f4d8e90daaa807dce6cb) Importer(815301076,1909f56bfc062723c751e8b465ee728b)  -> (artifact id: '41aebf6886e6db38cb257d4c23c66f89') in 1.114811 seconds
  Import took 1.127646 seconds .

========================================================================
Received Prepare
Registering precompiled user dll's ...
Registered in 0.004328 seconds.
Begin MonoManager ReloadAssembly
Native extension for WindowsStandalone target not found
Refreshing native plugins compatible for Editor in 1.03 ms, found 2 plugins.
Preloading 0 native plugins for Editor in 0.00 ms.
Invoked RoslynAnalysisRunner static constructor.
RoslynAnalysisRunner will not be running.
RoslynAnalysisRunner has terminated.
Mono: successfully reloaded assembly
- Completed reload, in  1.297 seconds
Platform modules already initialized, skipping
Shader 'Universal Render Pipeline/Particles/Lit': fallback shader 'Universal Render Pipeline/Particles/SimpleLit' not found
Refreshing native plugins compatible for Editor in 1.47 ms, found 2 plugins.
Preloading 0 native plugins for Editor in 0.00 ms.
Unloading 3483 Unused Serialized files (Serialized files now loaded: 0)
System memory in use before: 191.7 MB.
System memory in use after: 191.9 MB.

Unloading 9 unused Assets to reduce memory usage. Loaded Objects now: 4470.
Total: 6.071000 ms (FindLiveObjects: 1.183700 ms CreateObjectMapping: 0.639900 ms MarkObjects: 4.204300 ms  DeleteObjects: 0.039700 ms)

========================================================================
Received Import Request.
  Time since last request: 67.521944 seconds.
  path: Assets/Atrezzo/Prefabs/Terra 1
  artifactKey: Guid(387bb28bbf85b4a27bfba0c92d09a643) Importer(815301076,1909f56bfc062723c751e8b465ee728b)
Start importing Assets/Atrezzo/Prefabs/Terra 1 using Guid(387bb28bbf85b4a27bfba0c92d09a643) Importer(815301076,1909f56bfc062723c751e8b465ee728b)  -> (artifact id: '0fc8a49917c5ba0c4fec206bb74e2566') in 0.015753 seconds
  Import took 0.025396 seconds .

========================================================================
Received Import Request.
  Time since last request: 0.000354 seconds.
  path: Assets/Atrezzo/Prefabs
  artifactKey: Guid(59c957706861c452ea577865b38e724d) Importer(815301076,1909f56bfc062723c751e8b465ee728b)
Start importing Assets/Atrezzo/Prefabs using Guid(59c957706861c452ea577865b38e724d) Importer(815301076,1909f56bfc062723c751e8b465ee728b)  -> (artifact id: 'd8a4097053dd07954bbe5a067cc2edc1') in 0.014445 seconds
  Import took 0.024343 seconds .

========================================================================
Received Import Request.
  Time since last request: 0.000518 seconds.
  path: Assets/Atrezzo/Prefabs/Terra 1/Flors liles.prefab
  artifactKey: Guid(545eb01e47d7d48a2ae8196823148894) Importer(815301076,1909f56bfc062723c751e8b465ee728b)
Start importing Assets/Atrezzo/Prefabs/Terra 1/Flors liles.prefab using Guid(545eb01e47d7d48a2ae8196823148894) Importer(815301076,1909f56bfc062723c751e8b465ee728b)  -> (artifact id: 'a9287ffa653ed635528945a15780194b') in 0.873754 seconds
  Import took 0.882757 seconds .

========================================================================
Received Import Request.
  Time since last request: 0.000341 seconds.
  path: Assets/Atrezzo/Prefabs/Terra 1/Terra 1.prefab
  artifactKey: Guid(e237c4dac30644a9786fd8d4ddbd73c0) Importer(815301076,1909f56bfc062723c751e8b465ee728b)
Start importing Assets/Atrezzo/Prefabs/Terra 1/Terra 1.prefab using Guid(e237c4dac30644a9786fd8d4ddbd73c0) Importer(815301076,1909f56bfc062723c751e8b465ee728b)  -> (artifact id: '53c77b0d2c555545582fbab2576f0450') in 0.187675 seconds
  Import took 0.206437 seconds .

========================================================================
Received Import Request.
  Time since last request: 0.000271 seconds.
  path: Assets/Atrezzo/Prefabs/Terra 1/Fulles blaves.prefab
  artifactKey: Guid(777f0756d6deb48fe90ae78f74c2fe47) Importer(815301076,1909f56bfc062723c751e8b465ee728b)
Start importing Assets/Atrezzo/Prefabs/Terra 1/Fulles blaves.prefab using Guid(777f0756d6deb48fe90ae78f74c2fe47) Importer(815301076,1909f56bfc062723c751e8b465ee728b)  -> (artifact id: '0622393505374f7f3ab3ba9cd3a1304c') in 0.062556 seconds
  Import took 0.071490 seconds .

========================================================================
Received Import Request.
  Time since last request: 0.000307 seconds.
  path: Assets/Atrezzo/Prefabs/Terra 1/Fulles roses.prefab
  artifactKey: Guid(ccc4616ed80624dc99478b408c11d4e1) Importer(815301076,1909f56bfc062723c751e8b465ee728b)
Start importing Assets/Atrezzo/Prefabs/Terra 1/Fulles roses.prefab using Guid(ccc4616ed80624dc99478b408c11d4e1) Importer(815301076,1909f56bfc062723c751e8b465ee728b)  -> (artifact id: '53a9bfa594d95a0a43960bf192d2f999') in 0.057082 seconds
  Import took 0.065291 seconds .

========================================================================
Received Import Request.
  Time since last request: 0.000300 seconds.
  path: Assets/Atrezzo/Prefabs/Terra 1/Fulles turqueses.prefab
  artifactKey: Guid(882beed1245d54cb0aced207b78a9ca9) Importer(815301076,1909f56bfc062723c751e8b465ee728b)
Start importing Assets/Atrezzo/Prefabs/Terra 1/Fulles turqueses.prefab using Guid(882beed1245d54cb0aced207b78a9ca9) Importer(815301076,1909f56bfc062723c751e8b465ee728b)  -> (artifact id: '31062d89e55aa567d6a6dc8d62993031') in 0.060101 seconds
  Import took 0.068553 seconds .

========================================================================
Received Import Request.
  Time since last request: 0.159414 seconds.
  path: Assets/Atrezzo/Prefabs/Terra 2
  artifactKey: Guid(65e16b54e28c34423866c6a37d0be8dc) Importer(815301076,1909f56bfc062723c751e8b465ee728b)
Start importing Assets/Atrezzo/Prefabs/Terra 2 using Guid(65e16b54e28c34423866c6a37d0be8dc) Importer(815301076,1909f56bfc062723c751e8b465ee728b)  -> (artifact id: 'cb0fc924d708aa635a6ad89e5740a7b8') in 0.011118 seconds
  Import took 0.021587 seconds .

========================================================================
Received Import Request.
  Time since last request: 0.051001 seconds.
  path: Assets/Atrezzo/Prefabs/Terra 2/Terra 2.prefab
  artifactKey: Guid(d6728fa0da75d412881ff48dc36bae9e) Importer(815301076,1909f56bfc062723c751e8b465ee728b)
Start importing Assets/Atrezzo/Prefabs/Terra 2/Terra 2.prefab using Guid(d6728fa0da75d412881ff48dc36bae9e) Importer(815301076,1909f56bfc062723c751e8b465ee728b)  -> (artifact id: 'b60bd28729768aa0f1413a22eaf93515') in 0.079406 seconds
  Import took 0.090866 seconds .

========================================================================
Received Prepare
Registering precompiled user dll's ...
Registered in 0.003434 seconds.
Begin MonoManager ReloadAssembly
Native extension for WindowsStandalone target not found
Refreshing native plugins compatible for Editor in 0.72 ms, found 2 plugins.
Preloading 0 native plugins for Editor in 0.00 ms.
Invoked RoslynAnalysisRunner static constructor.
RoslynAnalysisRunner will not be running.
RoslynAnalysisRunner has terminated.
Mono: successfully reloaded assembly
- Completed reload, in  1.128 seconds
Platform modules already initialized, skipping
Shader 'Universal Render Pipeline/Particles/Lit': fallback shader 'Universal Render Pipeline/Particles/SimpleLit' not found
Refreshing native plugins compatible for Editor in 0.78 ms, found 2 plugins.
Preloading 0 native plugins for Editor in 0.00 ms.
Unloading 3470 Unused Serialized files (Serialized files now loaded: 0)
System memory in use before: 194.1 MB.
System memory in use after: 194.3 MB.

Unloading 9 unused Assets to reduce memory usage. Loaded Objects now: 4608.
Total: 3.894800 ms (FindLiveObjects: 1.027200 ms CreateObjectMapping: 0.274700 ms MarkObjects: 2.571600 ms  DeleteObjects: 0.019700 ms)

========================================================================
Received Prepare
Registering precompiled user dll's ...
Registered in 0.003498 seconds.
Begin MonoManager ReloadAssembly
Native extension for WindowsStandalone target not found
Refreshing native plugins compatible for Editor in 0.75 ms, found 2 plugins.
Preloading 0 native plugins for Editor in 0.00 ms.
Invoked RoslynAnalysisRunner static constructor.
RoslynAnalysisRunner will not be running.
RoslynAnalysisRunner has terminated.
Mono: successfully reloaded assembly
- Completed reload, in  1.138 seconds
Platform modules already initialized, skipping
Shader 'Universal Render Pipeline/Particles/Lit': fallback shader 'Universal Render Pipeline/Particles/SimpleLit' not found
Refreshing native plugins compatible for Editor in 1.34 ms, found 2 plugins.
Preloading 0 native plugins for Editor in 0.00 ms.
Unloading 3470 Unused Serialized files (Serialized files now loaded: 0)
System memory in use before: 194.1 MB.
System memory in use after: 194.4 MB.

Unloading 9 unused Assets to reduce memory usage. Loaded Objects now: 4610.
Total: 3.174300 ms (FindLiveObjects: 0.437900 ms CreateObjectMapping: 0.208800 ms MarkObjects: 2.508500 ms  DeleteObjects: 0.017800 ms)

========================================================================
Received Prepare
Registering precompiled user dll's ...
Registered in 0.003460 seconds.
Begin MonoManager ReloadAssembly
Native extension for WindowsStandalone target not found
Refreshing native plugins compatible for Editor in 0.79 ms, found 2 plugins.
Preloading 0 native plugins for Editor in 0.00 ms.
Invoked RoslynAnalysisRunner static constructor.
RoslynAnalysisRunner will not be running.
RoslynAnalysisRunner has terminated.
Mono: successfully reloaded assembly
- Completed reload, in  1.213 seconds
Platform modules already initialized, skipping
Shader 'Universal Render Pipeline/Particles/Lit': fallback shader 'Universal Render Pipeline/Particles/SimpleLit' not found
Refreshing native plugins compatible for Editor in 0.74 ms, found 2 plugins.
Preloading 0 native plugins for Editor in 0.00 ms.
Unloading 3470 Unused Serialized files (Serialized files now loaded: 0)
System memory in use before: 194.2 MB.
System memory in use after: 194.4 MB.

Unloading 9 unused Assets to reduce memory usage. Loaded Objects now: 4612.
Total: 3.666300 ms (FindLiveObjects: 0.697900 ms CreateObjectMapping: 0.264900 ms MarkObjects: 2.680300 ms  DeleteObjects: 0.021900 ms)

========================================================================
Received Prepare
Registering precompiled user dll's ...
Registered in 0.004656 seconds.
Begin MonoManager ReloadAssembly
Native extension for WindowsStandalone target not found
Refreshing native plugins compatible for Editor in 0.72 ms, found 2 plugins.
Preloading 0 native plugins for Editor in 0.00 ms.
Invoked RoslynAnalysisRunner static constructor.
RoslynAnalysisRunner will not be running.
RoslynAnalysisRunner has terminated.
Mono: successfully reloaded assembly
- Completed reload, in  1.213 seconds
Platform modules already initialized, skipping
Shader 'Universal Render Pipeline/Particles/Lit': fallback shader 'Universal Render Pipeline/Particles/SimpleLit' not found
Refreshing native plugins compatible for Editor in 0.78 ms, found 2 plugins.
Preloading 0 native plugins for Editor in 0.00 ms.
Unloading 3470 Unused Serialized files (Serialized files now loaded: 0)
System memory in use before: 194.2 MB.
System memory in use after: 194.5 MB.

Unloading 9 unused Assets to reduce memory usage. Loaded Objects now: 4614.
Total: 3.407100 ms (FindLiveObjects: 0.522200 ms CreateObjectMapping: 0.315100 ms MarkObjects: 2.549300 ms  DeleteObjects: 0.018700 ms)

========================================================================
Received Prepare
Registering precompiled user dll's ...
Registered in 0.003812 seconds.
Begin MonoManager ReloadAssembly
Native extension for WindowsStandalone target not found
Refreshing native plugins compatible for Editor in 0.78 ms, found 2 plugins.
Preloading 0 native plugins for Editor in 0.00 ms.
Invoked RoslynAnalysisRunner static constructor.
RoslynAnalysisRunner will not be running.
RoslynAnalysisRunner has terminated.
Mono: successfully reloaded assembly
- Completed reload, in  1.118 seconds
Platform modules already initialized, skipping
Shader 'Universal Render Pipeline/Particles/Lit': fallback shader 'Universal Render Pipeline/Particles/SimpleLit' not found
Refreshing native plugins compatible for Editor in 1.95 ms, found 2 plugins.
Preloading 0 native plugins for Editor in 0.00 ms.
Unloading 3470 Unused Serialized files (Serialized files now loaded: 0)
System memory in use before: 194.2 MB.
System memory in use after: 194.5 MB.

Unloading 9 unused Assets to reduce memory usage. Loaded Objects now: 4616.
Total: 3.529400 ms (FindLiveObjects: 0.645700 ms CreateObjectMapping: 0.220900 ms MarkObjects: 2.640700 ms  DeleteObjects: 0.019500 ms)

========================================================================
Received Prepare
Registering precompiled user dll's ...
Registered in 0.003750 seconds.
Begin MonoManager ReloadAssembly
Native extension for WindowsStandalone target not found
Refreshing native plugins compatible for Editor in 0.72 ms, found 2 plugins.
Preloading 0 native plugins for Editor in 0.00 ms.
Invoked RoslynAnalysisRunner static constructor.
RoslynAnalysisRunner will not be running.
RoslynAnalysisRunner has terminated.
Mono: successfully reloaded assembly
- Completed reload, in  1.126 seconds
Platform modules already initialized, skipping
Shader 'Universal Render Pipeline/Particles/Lit': fallback shader 'Universal Render Pipeline/Particles/SimpleLit' not found
Refreshing native plugins compatible for Editor in 1.15 ms, found 2 plugins.
Preloading 0 native plugins for Editor in 0.00 ms.
Unloading 3470 Unused Serialized files (Serialized files now loaded: 0)
System memory in use before: 194.2 MB.
System memory in use after: 194.5 MB.

Unloading 9 unused Assets to reduce memory usage. Loaded Objects now: 4618.
Total: 3.541900 ms (FindLiveObjects: 0.606600 ms CreateObjectMapping: 0.363000 ms MarkObjects: 2.548800 ms  DeleteObjects: 0.022400 ms)

========================================================================
Received Prepare
Registering precompiled user dll's ...
Registered in 0.003546 seconds.
Begin MonoManager ReloadAssembly
Native extension for WindowsStandalone target not found
Refreshing native plugins compatible for Editor in 0.78 ms, found 2 plugins.
Preloading 0 native plugins for Editor in 0.00 ms.
Invoked RoslynAnalysisRunner static constructor.
RoslynAnalysisRunner will not be running.
RoslynAnalysisRunner has terminated.
Mono: successfully reloaded assembly
- Completed reload, in  1.122 seconds
Platform modules already initialized, skipping
Shader 'Universal Render Pipeline/Particles/Lit': fallback shader 'Universal Render Pipeline/Particles/SimpleLit' not found
Refreshing native plugins compatible for Editor in 0.88 ms, found 2 plugins.
Preloading 0 native plugins for Editor in 0.00 ms.
Unloading 3470 Unused Serialized files (Serialized files now loaded: 0)
System memory in use before: 194.2 MB.
System memory in use after: 194.5 MB.

Unloading 9 unused Assets to reduce memory usage. Loaded Objects now: 4620.
Total: 3.808500 ms (FindLiveObjects: 0.489000 ms CreateObjectMapping: 0.281800 ms MarkObjects: 3.013500 ms  DeleteObjects: 0.022600 ms)

========================================================================
Received Prepare
Registering precompiled user dll's ...
Registered in 0.003351 seconds.
Begin MonoManager ReloadAssembly
Native extension for WindowsStandalone target not found
Refreshing native plugins compatible for Editor in 0.72 ms, found 2 plugins.
Preloading 0 native plugins for Editor in 0.00 ms.
Invoked RoslynAnalysisRunner static constructor.
RoslynAnalysisRunner will not be running.
RoslynAnalysisRunner has terminated.
Mono: successfully reloaded assembly
- Completed reload, in  1.106 seconds
Platform modules already initialized, skipping
Shader 'Universal Render Pipeline/Particles/Lit': fallback shader 'Universal Render Pipeline/Particles/SimpleLit' not found
Refreshing native plugins compatible for Editor in 0.77 ms, found 2 plugins.
Preloading 0 native plugins for Editor in 0.00 ms.
Unloading 3470 Unused Serialized files (Serialized files now loaded: 0)
System memory in use before: 194.2 MB.
System memory in use after: 194.5 MB.

Unloading 9 unused Assets to reduce memory usage. Loaded Objects now: 4622.
Total: 3.765800 ms (FindLiveObjects: 0.819100 ms CreateObjectMapping: 0.322400 ms MarkObjects: 2.597200 ms  DeleteObjects: 0.025300 ms)

========================================================================
Received Prepare
Registering precompiled user dll's ...
Registered in 0.003492 seconds.
Begin MonoManager ReloadAssembly
Native extension for WindowsStandalone target not found
Refreshing native plugins compatible for Editor in 0.73 ms, found 2 plugins.
Preloading 0 native plugins for Editor in 0.00 ms.
Invoked RoslynAnalysisRunner static constructor.
RoslynAnalysisRunner will not be running.
RoslynAnalysisRunner has terminated.
Mono: successfully reloaded assembly
- Completed reload, in  1.157 seconds
Platform modules already initialized, skipping
Shader 'Universal Render Pipeline/Particles/Lit': fallback shader 'Universal Render Pipeline/Particles/SimpleLit' not found
Refreshing native plugins compatible for Editor in 0.78 ms, found 2 plugins.
Preloading 0 native plugins for Editor in 0.00 ms.
Unloading 3470 Unused Serialized files (Serialized files now loaded: 0)
System memory in use before: 194.3 MB.
System memory in use after: 194.5 MB.

Unloading 9 unused Assets to reduce memory usage. Loaded Objects now: 4624.
Total: 3.331600 ms (FindLiveObjects: 0.533900 ms CreateObjectMapping: 0.299300 ms MarkObjects: 2.478800 ms  DeleteObjects: 0.017400 ms)

========================================================================
Received Prepare
Registering precompiled user dll's ...
Registered in 0.003346 seconds.
Begin MonoManager ReloadAssembly
Native extension for WindowsStandalone target not found
Refreshing native plugins compatible for Editor in 0.72 ms, found 2 plugins.
Preloading 0 native plugins for Editor in 0.00 ms.
Invoked RoslynAnalysisRunner static constructor.
RoslynAnalysisRunner will not be running.
RoslynAnalysisRunner has terminated.
Mono: successfully reloaded assembly
- Completed reload, in  1.102 seconds
Platform modules already initialized, skipping
Shader 'Universal Render Pipeline/Particles/Lit': fallback shader 'Universal Render Pipeline/Particles/SimpleLit' not found
Refreshing native plugins compatible for Editor in 0.74 ms, found 2 plugins.
Preloading 0 native plugins for Editor in 0.00 ms.
Unloading 3471 Unused Serialized files (Serialized files now loaded: 0)
System memory in use before: 194.3 MB.
System memory in use after: 194.5 MB.

Unloading 9 unused Assets to reduce memory usage. Loaded Objects now: 4627.
Total: 3.287600 ms (FindLiveObjects: 0.489700 ms CreateObjectMapping: 0.355400 ms MarkObjects: 2.422100 ms  DeleteObjects: 0.019000 ms)

========================================================================
Received Prepare
Registering precompiled user dll's ...
Registered in 0.003516 seconds.
Begin MonoManager ReloadAssembly
Native extension for WindowsStandalone target not found
Refreshing native plugins compatible for Editor in 0.81 ms, found 2 plugins.
Preloading 0 native plugins for Editor in 0.00 ms.
Invoked RoslynAnalysisRunner static constructor.
RoslynAnalysisRunner will not be running.
RoslynAnalysisRunner has terminated.
Mono: successfully reloaded assembly
- Completed reload, in  1.113 seconds
Platform modules already initialized, skipping
Shader 'Universal Render Pipeline/Particles/Lit': fallback shader 'Universal Render Pipeline/Particles/SimpleLit' not found
Refreshing native plugins compatible for Editor in 0.78 ms, found 2 plugins.
Preloading 0 native plugins for Editor in 0.00 ms.
Unloading 3471 Unused Serialized files (Serialized files now loaded: 0)
System memory in use before: 194.3 MB.
System memory in use after: 194.5 MB.

Unloading 9 unused Assets to reduce memory usage. Loaded Objects now: 4629.
Total: 3.183200 ms (FindLiveObjects: 0.486900 ms CreateObjectMapping: 0.307000 ms MarkObjects: 2.369400 ms  DeleteObjects: 0.018400 ms)

========================================================================
Received Prepare
Registering precompiled user dll's ...
Registered in 0.003627 seconds.
Begin MonoManager ReloadAssembly
Native extension for WindowsStandalone target not found
Refreshing native plugins compatible for Editor in 0.86 ms, found 2 plugins.
Preloading 0 native plugins for Editor in 0.00 ms.
Invoked RoslynAnalysisRunner static constructor.
RoslynAnalysisRunner will not be running.
RoslynAnalysisRunner has terminated.
Mono: successfully reloaded assembly
- Completed reload, in  1.127 seconds
Platform modules already initialized, skipping
Shader 'Universal Render Pipeline/Particles/Lit': fallback shader 'Universal Render Pipeline/Particles/SimpleLit' not found
Refreshing native plugins compatible for Editor in 1.19 ms, found 2 plugins.
Preloading 0 native plugins for Editor in 0.00 ms.
Unloading 3471 Unused Serialized files (Serialized files now loaded: 0)
System memory in use before: 194.3 MB.
System memory in use after: 194.6 MB.

Unloading 9 unused Assets to reduce memory usage. Loaded Objects now: 4631.
Total: 3.145700 ms (FindLiveObjects: 0.507900 ms CreateObjectMapping: 0.284700 ms MarkObjects: 2.332300 ms  DeleteObjects: 0.019300 ms)

========================================================================
Received Prepare
Registering precompiled user dll's ...
Registered in 0.003555 seconds.
Begin MonoManager ReloadAssembly
Native extension for WindowsStandalone target not found
Refreshing native plugins compatible for Editor in 0.84 ms, found 2 plugins.
Preloading 0 native plugins for Editor in 0.00 ms.
Invoked RoslynAnalysisRunner static constructor.
RoslynAnalysisRunner will not be running.
RoslynAnalysisRunner has terminated.
Mono: successfully reloaded assembly
- Completed reload, in  1.140 seconds
Platform modules already initialized, skipping
Shader 'Universal Render Pipeline/Particles/Lit': fallback shader 'Universal Render Pipeline/Particles/SimpleLit' not found
Refreshing native plugins compatible for Editor in 0.75 ms, found 2 plugins.
Preloading 0 native plugins for Editor in 0.00 ms.
Unloading 3471 Unused Serialized files (Serialized files now loaded: 0)
System memory in use before: 194.3 MB.
System memory in use after: 194.6 MB.

Unloading 9 unused Assets to reduce memory usage. Loaded Objects now: 4633.
Total: 3.406300 ms (FindLiveObjects: 0.730200 ms CreateObjectMapping: 0.284000 ms MarkObjects: 2.372800 ms  DeleteObjects: 0.017200 ms)

========================================================================
Received Prepare
Registering precompiled user dll's ...
Registered in 0.003549 seconds.
Begin MonoManager ReloadAssembly
Native extension for WindowsStandalone target not found
Refreshing native plugins compatible for Editor in 0.74 ms, found 2 plugins.
Preloading 0 native plugins for Editor in 0.00 ms.
Invoked RoslynAnalysisRunner static constructor.
RoslynAnalysisRunner will not be running.
RoslynAnalysisRunner has terminated.
Mono: successfully reloaded assembly
- Completed reload, in  1.200 seconds
Platform modules already initialized, skipping
Shader 'Universal Render Pipeline/Particles/Lit': fallback shader 'Universal Render Pipeline/Particles/SimpleLit' not found
Refreshing native plugins compatible for Editor in 1.21 ms, found 2 plugins.
Preloading 0 native plugins for Editor in 0.00 ms.
Unloading 3471 Unused Serialized files (Serialized files now loaded: 0)
System memory in use before: 194.3 MB.
System memory in use after: 194.6 MB.

Unloading 9 unused Assets to reduce memory usage. Loaded Objects now: 4635.
Total: 3.293700 ms (FindLiveObjects: 0.454000 ms CreateObjectMapping: 0.218400 ms MarkObjects: 2.600200 ms  DeleteObjects: 0.019200 ms)

========================================================================
Received Prepare
Registering precompiled user dll's ...
Registered in 0.003819 seconds.
Begin MonoManager ReloadAssembly
Native extension for WindowsStandalone target not found
Refreshing native plugins compatible for Editor in 0.72 ms, found 2 plugins.
Preloading 0 native plugins for Editor in 0.00 ms.
Invoked RoslynAnalysisRunner static constructor.
RoslynAnalysisRunner will not be running.
RoslynAnalysisRunner has terminated.
Mono: successfully reloaded assembly
- Completed reload, in  1.405 seconds
Platform modules already initialized, skipping
Shader 'Universal Render Pipeline/Particles/Lit': fallback shader 'Universal Render Pipeline/Particles/SimpleLit' not found
Refreshing native plugins compatible for Editor in 0.92 ms, found 2 plugins.
Preloading 0 native plugins for Editor in 0.00 ms.
Unloading 3471 Unused Serialized files (Serialized files now loaded: 0)
System memory in use before: 194.3 MB.
System memory in use after: 194.6 MB.

Unloading 9 unused Assets to reduce memory usage. Loaded Objects now: 4637.
Total: 4.104400 ms (FindLiveObjects: 0.523500 ms CreateObjectMapping: 0.321200 ms MarkObjects: 3.233800 ms  DeleteObjects: 0.024400 ms)

========================================================================
Received Prepare
Registering precompiled user dll's ...
Registered in 0.003400 seconds.
Begin MonoManager ReloadAssembly
Native extension for WindowsStandalone target not found
Refreshing native plugins compatible for Editor in 0.73 ms, found 2 plugins.
Preloading 0 native plugins for Editor in 0.00 ms.
Invoked RoslynAnalysisRunner static constructor.
RoslynAnalysisRunner will not be running.
RoslynAnalysisRunner has terminated.
Mono: successfully reloaded assembly
- Completed reload, in  1.148 seconds
Platform modules already initialized, skipping
Shader 'Universal Render Pipeline/Particles/Lit': fallback shader 'Universal Render Pipeline/Particles/SimpleLit' not found
Refreshing native plugins compatible for Editor in 0.78 ms, found 2 plugins.
Preloading 0 native plugins for Editor in 0.00 ms.
Unloading 3471 Unused Serialized files (Serialized files now loaded: 0)
System memory in use before: 194.3 MB.
System memory in use after: 194.6 MB.

Unloading 9 unused Assets to reduce memory usage. Loaded Objects now: 4639.
Total: 3.501800 ms (FindLiveObjects: 0.506200 ms CreateObjectMapping: 0.326600 ms MarkObjects: 2.647600 ms  DeleteObjects: 0.019700 ms)

========================================================================
Received Prepare
Registering precompiled user dll's ...
Registered in 0.003452 seconds.
Begin MonoManager ReloadAssembly
Native extension for WindowsStandalone target not found
Refreshing native plugins compatible for Editor in 0.79 ms, found 2 plugins.
Preloading 0 native plugins for Editor in 0.00 ms.
Invoked RoslynAnalysisRunner static constructor.
RoslynAnalysisRunner will not be running.
RoslynAnalysisRunner has terminated.
Mono: successfully reloaded assembly
- Completed reload, in  1.160 seconds
Platform modules already initialized, skipping
Shader 'Universal Render Pipeline/Particles/Lit': fallback shader 'Universal Render Pipeline/Particles/SimpleLit' not found
Refreshing native plugins compatible for Editor in 0.77 ms, found 2 plugins.
Preloading 0 native plugins for Editor in 0.00 ms.
Unloading 3471 Unused Serialized files (Serialized files now loaded: 0)
System memory in use before: 194.3 MB.
System memory in use after: 194.6 MB.

Unloading 9 unused Assets to reduce memory usage. Loaded Objects now: 4641.
Total: 3.850400 ms (FindLiveObjects: 0.393400 ms CreateObjectMapping: 0.234000 ms MarkObjects: 3.200900 ms  DeleteObjects: 0.020800 ms)

========================================================================
Received Prepare
Registering precompiled user dll's ...
Registered in 0.003499 seconds.
Begin MonoManager ReloadAssembly
Native extension for WindowsStandalone target not found
Refreshing native plugins compatible for Editor in 0.72 ms, found 2 plugins.
Preloading 0 native plugins for Editor in 0.00 ms.
Invoked RoslynAnalysisRunner static constructor.
RoslynAnalysisRunner will not be running.
RoslynAnalysisRunner has terminated.
Mono: successfully reloaded assembly
- Completed reload, in  1.137 seconds
Platform modules already initialized, skipping
Shader 'Universal Render Pipeline/Particles/Lit': fallback shader 'Universal Render Pipeline/Particles/SimpleLit' not found
Refreshing native plugins compatible for Editor in 0.97 ms, found 2 plugins.
Preloading 0 native plugins for Editor in 0.00 ms.
Unloading 3471 Unused Serialized files (Serialized files now loaded: 0)
System memory in use before: 194.4 MB.
System memory in use after: 194.6 MB.

Unloading 9 unused Assets to reduce memory usage. Loaded Objects now: 4643.
Total: 3.390200 ms (FindLiveObjects: 0.535200 ms CreateObjectMapping: 0.326700 ms MarkObjects: 2.500900 ms  DeleteObjects: 0.024800 ms)

========================================================================
Received Prepare
Registering precompiled user dll's ...
Registered in 0.003436 seconds.
Begin MonoManager ReloadAssembly
Native extension for WindowsStandalone target not found
Refreshing native plugins compatible for Editor in 0.80 ms, found 2 plugins.
Preloading 0 native plugins for Editor in 0.00 ms.
Invoked RoslynAnalysisRunner static constructor.
RoslynAnalysisRunner will not be running.
RoslynAnalysisRunner has terminated.
Mono: successfully reloaded assembly
- Completed reload, in  1.211 seconds
Platform modules already initialized, skipping
Shader 'Universal Render Pipeline/Particles/Lit': fallback shader 'Universal Render Pipeline/Particles/SimpleLit' not found
Refreshing native plugins compatible for Editor in 0.89 ms, found 2 plugins.
Preloading 0 native plugins for Editor in 0.00 ms.
Unloading 3471 Unused Serialized files (Serialized files now loaded: 0)
System memory in use before: 194.4 MB.
System memory in use after: 194.6 MB.

Unloading 9 unused Assets to reduce memory usage. Loaded Objects now: 4645.
Total: 3.597300 ms (FindLiveObjects: 0.419900 ms CreateObjectMapping: 0.233700 ms MarkObjects: 2.920300 ms  DeleteObjects: 0.021700 ms)

========================================================================
Received Prepare
Registering precompiled user dll's ...
Registered in 0.003522 seconds.
Begin MonoManager ReloadAssembly
Native extension for WindowsStandalone target not found
Refreshing native plugins compatible for Editor in 0.77 ms, found 2 plugins.
Preloading 0 native plugins for Editor in 0.00 ms.
Invoked RoslynAnalysisRunner static constructor.
RoslynAnalysisRunner will not be running.
RoslynAnalysisRunner has terminated.
Mono: successfully reloaded assembly
- Completed reload, in  1.106 seconds
Platform modules already initialized, skipping
Shader 'Universal Render Pipeline/Particles/Lit': fallback shader 'Universal Render Pipeline/Particles/SimpleLit' not found
Refreshing native plugins compatible for Editor in 1.19 ms, found 2 plugins.
Preloading 0 native plugins for Editor in 0.00 ms.
Unloading 3471 Unused Serialized files (Serialized files now loaded: 0)
System memory in use before: 194.4 MB.
System memory in use after: 194.6 MB.

Unloading 9 unused Assets to reduce memory usage. Loaded Objects now: 4647.
Total: 3.558700 ms (FindLiveObjects: 0.530100 ms CreateObjectMapping: 0.279400 ms MarkObjects: 2.722700 ms  DeleteObjects: 0.024500 ms)

========================================================================
Received Prepare
Registering precompiled user dll's ...
Registered in 0.004035 seconds.
Begin MonoManager ReloadAssembly
Native extension for WindowsStandalone target not found
Refreshing native plugins compatible for Editor in 0.72 ms, found 2 plugins.
Preloading 0 native plugins for Editor in 0.00 ms.
Invoked RoslynAnalysisRunner static constructor.
RoslynAnalysisRunner will not be running.
RoslynAnalysisRunner has terminated.
Mono: successfully reloaded assembly
- Completed reload, in  1.116 seconds
Platform modules already initialized, skipping
Shader 'Universal Render Pipeline/Particles/Lit': fallback shader 'Universal Render Pipeline/Particles/SimpleLit' not found
Refreshing native plugins compatible for Editor in 0.74 ms, found 2 plugins.
Preloading 0 native plugins for Editor in 0.00 ms.
Unloading 3471 Unused Serialized files (Serialized files now loaded: 0)
System memory in use before: 194.4 MB.
System memory in use after: 194.6 MB.

Unloading 9 unused Assets to reduce memory usage. Loaded Objects now: 4649.
Total: 3.410600 ms (FindLiveObjects: 0.645500 ms CreateObjectMapping: 0.268700 ms MarkObjects: 2.478000 ms  DeleteObjects: 0.017400 ms)

========================================================================
Received Prepare
Registering precompiled user dll's ...
Registered in 0.003429 seconds.
Begin MonoManager ReloadAssembly
Native extension for WindowsStandalone target not found
Refreshing native plugins compatible for Editor in 0.73 ms, found 2 plugins.
Preloading 0 native plugins for Editor in 0.00 ms.
Invoked RoslynAnalysisRunner static constructor.
RoslynAnalysisRunner will not be running.
RoslynAnalysisRunner has terminated.
Mono: successfully reloaded assembly
- Completed reload, in  1.122 seconds
Platform modules already initialized, skipping
Shader 'Universal Render Pipeline/Particles/Lit': fallback shader 'Universal Render Pipeline/Particles/SimpleLit' not found
Refreshing native plugins compatible for Editor in 0.99 ms, found 2 plugins.
Preloading 0 native plugins for Editor in 0.00 ms.
Unloading 3471 Unused Serialized files (Serialized files now loaded: 0)
System memory in use before: 194.4 MB.
System memory in use after: 194.6 MB.

Unloading 9 unused Assets to reduce memory usage. Loaded Objects now: 4651.
Total: 3.497000 ms (FindLiveObjects: 0.752200 ms CreateObjectMapping: 0.267100 ms MarkObjects: 2.456800 ms  DeleteObjects: 0.018600 ms)

========================================================================
Received Prepare
Registering precompiled user dll's ...
Registered in 0.003433 seconds.
Begin MonoManager ReloadAssembly
Native extension for WindowsStandalone target not found
Refreshing native plugins compatible for Editor in 1.43 ms, found 2 plugins.
Preloading 0 native plugins for Editor in 0.00 ms.
Invoked RoslynAnalysisRunner static constructor.
RoslynAnalysisRunner will not be running.
RoslynAnalysisRunner has terminated.
Mono: successfully reloaded assembly
- Completed reload, in  1.207 seconds
Platform modules already initialized, skipping
Shader 'Universal Render Pipeline/Particles/Lit': fallback shader 'Universal Render Pipeline/Particles/SimpleLit' not found
Refreshing native plugins compatible for Editor in 1.24 ms, found 2 plugins.
Preloading 0 native plugins for Editor in 0.00 ms.
Unloading 3471 Unused Serialized files (Serialized files now loaded: 0)
System memory in use before: 194.4 MB.
System memory in use after: 194.7 MB.

Unloading 9 unused Assets to reduce memory usage. Loaded Objects now: 4653.
Total: 3.262500 ms (FindLiveObjects: 0.595300 ms CreateObjectMapping: 0.268400 ms MarkObjects: 2.379900 ms  DeleteObjects: 0.017400 ms)

========================================================================
Received Prepare
Registering precompiled user dll's ...
Registered in 0.003415 seconds.
Begin MonoManager ReloadAssembly
Native extension for WindowsStandalone target not found
Refreshing native plugins compatible for Editor in 0.78 ms, found 2 plugins.
Preloading 0 native plugins for Editor in 0.00 ms.
Invoked RoslynAnalysisRunner static constructor.
RoslynAnalysisRunner will not be running.
RoslynAnalysisRunner has terminated.
Mono: successfully reloaded assembly
- Completed reload, in  1.116 seconds
Platform modules already initialized, skipping
Shader 'Universal Render Pipeline/Particles/Lit': fallback shader 'Universal Render Pipeline/Particles/SimpleLit' not found
Refreshing native plugins compatible for Editor in 1.22 ms, found 2 plugins.
Preloading 0 native plugins for Editor in 0.00 ms.
Unloading 3471 Unused Serialized files (Serialized files now loaded: 0)
System memory in use before: 194.4 MB.
System memory in use after: 194.7 MB.

Unloading 9 unused Assets to reduce memory usage. Loaded Objects now: 4655.
Total: 3.238200 ms (FindLiveObjects: 0.446400 ms CreateObjectMapping: 0.213900 ms MarkObjects: 2.556700 ms  DeleteObjects: 0.019900 ms)

========================================================================
Received Prepare
Registering precompiled user dll's ...
Registered in 0.003735 seconds.
Begin MonoManager ReloadAssembly
Native extension for WindowsStandalone target not found
Refreshing native plugins compatible for Editor in 0.73 ms, found 2 plugins.
Preloading 0 native plugins for Editor in 0.00 ms.
Invoked RoslynAnalysisRunner static constructor.
RoslynAnalysisRunner will not be running.
RoslynAnalysisRunner has terminated.
Mono: successfully reloaded assembly
- Completed reload, in  1.144 seconds
Platform modules already initialized, skipping
Shader 'Universal Render Pipeline/Particles/Lit': fallback shader 'Universal Render Pipeline/Particles/SimpleLit' not found
Refreshing native plugins compatible for Editor in 0.81 ms, found 2 plugins.
Preloading 0 native plugins for Editor in 0.00 ms.
Unloading 3471 Unused Serialized files (Serialized files now loaded: 0)
System memory in use before: 194.4 MB.
System memory in use after: 194.7 MB.

Unloading 9 unused Assets to reduce memory usage. Loaded Objects now: 4657.
Total: 3.092700 ms (FindLiveObjects: 0.476000 ms CreateObjectMapping: 0.176300 ms MarkObjects: 2.422100 ms  DeleteObjects: 0.017100 ms)

========================================================================
Received Prepare
Registering precompiled user dll's ...
Registered in 0.003924 seconds.
Begin MonoManager ReloadAssembly
Native extension for WindowsStandalone target not found
Refreshing native plugins compatible for Editor in 0.90 ms, found 2 plugins.
Preloading 0 native plugins for Editor in 0.00 ms.
Invoked RoslynAnalysisRunner static constructor.
RoslynAnalysisRunner will not be running.
RoslynAnalysisRunner has terminated.
Mono: successfully reloaded assembly
- Completed reload, in  1.473 seconds
Platform modules already initialized, skipping
Shader 'Universal Render Pipeline/Particles/Lit': fallback shader 'Universal Render Pipeline/Particles/SimpleLit' not found
Refreshing native plugins compatible for Editor in 1.69 ms, found 2 plugins.
Preloading 0 native plugins for Editor in 0.00 ms.
Unloading 3471 Unused Serialized files (Serialized files now loaded: 0)
System memory in use before: 194.4 MB.
System memory in use after: 194.7 MB.

Unloading 9 unused Assets to reduce memory usage. Loaded Objects now: 4659.
Total: 5.557900 ms (FindLiveObjects: 0.963600 ms CreateObjectMapping: 0.831700 ms MarkObjects: 3.739900 ms  DeleteObjects: 0.020600 ms)

========================================================================
Received Prepare
Registering precompiled user dll's ...
Registered in 0.003445 seconds.
Begin MonoManager ReloadAssembly
Native extension for WindowsStandalone target not found
Refreshing native plugins compatible for Editor in 0.73 ms, found 2 plugins.
Preloading 0 native plugins for Editor in 0.00 ms.
Invoked RoslynAnalysisRunner static constructor.
RoslynAnalysisRunner will not be running.
RoslynAnalysisRunner has terminated.
Mono: successfully reloaded assembly
- Completed reload, in  1.168 seconds
Platform modules already initialized, skipping
Shader 'Universal Render Pipeline/Particles/Lit': fallback shader 'Universal Render Pipeline/Particles/SimpleLit' not found
Refreshing native plugins compatible for Editor in 0.79 ms, found 2 plugins.
Preloading 0 native plugins for Editor in 0.00 ms.
Unloading 3471 Unused Serialized files (Serialized files now loaded: 0)
System memory in use before: 194.4 MB.
System memory in use after: 194.7 MB.

Unloading 9 unused Assets to reduce memory usage. Loaded Objects now: 4661.
Total: 3.532000 ms (FindLiveObjects: 0.603100 ms CreateObjectMapping: 0.358700 ms MarkObjects: 2.549100 ms  DeleteObjects: 0.019400 ms)

========================================================================
Received Prepare
Registering precompiled user dll's ...
Registered in 0.003699 seconds.
Begin MonoManager ReloadAssembly
Native extension for WindowsStandalone target not found
Refreshing native plugins compatible for Editor in 0.75 ms, found 2 plugins.
Preloading 0 native plugins for Editor in 0.00 ms.
Invoked RoslynAnalysisRunner static constructor.
RoslynAnalysisRunner will not be running.
RoslynAnalysisRunner has terminated.
Mono: successfully reloaded assembly
- Completed reload, in  1.211 seconds
Platform modules already initialized, skipping
Shader 'Universal Render Pipeline/Particles/Lit': fallback shader 'Universal Render Pipeline/Particles/SimpleLit' not found
Refreshing native plugins compatible for Editor in 0.78 ms, found 2 plugins.
Preloading 0 native plugins for Editor in 0.00 ms.
Unloading 3471 Unused Serialized files (Serialized files now loaded: 0)
System memory in use before: 194.4 MB.
System memory in use after: 194.7 MB.

Unloading 9 unused Assets to reduce memory usage. Loaded Objects now: 4663.
Total: 3.249800 ms (FindLiveObjects: 0.460100 ms CreateObjectMapping: 0.229300 ms MarkObjects: 2.541900 ms  DeleteObjects: 0.017000 ms)

========================================================================
Received Prepare
Registering precompiled user dll's ...
Registered in 0.003407 seconds.
Begin MonoManager ReloadAssembly
Native extension for WindowsStandalone target not found
Refreshing native plugins compatible for Editor in 0.72 ms, found 2 plugins.
Preloading 0 native plugins for Editor in 0.00 ms.
Invoked RoslynAnalysisRunner static constructor.
RoslynAnalysisRunner will not be running.
RoslynAnalysisRunner has terminated.
Mono: successfully reloaded assembly
- Completed reload, in  1.085 seconds
Platform modules already initialized, skipping
Shader 'Universal Render Pipeline/Particles/Lit': fallback shader 'Universal Render Pipeline/Particles/SimpleLit' not found
Refreshing native plugins compatible for Editor in 0.75 ms, found 2 plugins.
Preloading 0 native plugins for Editor in 0.00 ms.
Unloading 3471 Unused Serialized files (Serialized files now loaded: 0)
System memory in use before: 194.4 MB.
System memory in use after: 194.7 MB.

Unloading 9 unused Assets to reduce memory usage. Loaded Objects now: 4665.
Total: 3.617500 ms (FindLiveObjects: 0.637300 ms CreateObjectMapping: 0.361200 ms MarkObjects: 2.598500 ms  DeleteObjects: 0.019200 ms)

========================================================================
Received Import Request.
  Time since last request: 2190.474589 seconds.
  path: Assets/Atrezzo/Prefabs/Bolet 1 Variant.prefab
  artifactKey: Guid(18b2fda9031041045a49fa061869903a) Importer(815301076,1909f56bfc062723c751e8b465ee728b)
Start importing Assets/Atrezzo/Prefabs/Bolet 1 Variant.prefab using Guid(18b2fda9031041045a49fa061869903a) Importer(815301076,1909f56bfc062723c751e8b465ee728b)  -> (artifact id: 'a44a54d9e3e0b6ab02c02cd3d38f7bca') in 0.610787 seconds
  Import took 0.618020 seconds .

========================================================================
Received Import Request.
  Time since last request: 9.288227 seconds.
  path: Assets/Atrezzo/Bolet/Materials/mushroom_diffuse.mat
  artifactKey: Guid(b71556bd8227b4c879b560cd10fe1792) Importer(815301076,1909f56bfc062723c751e8b465ee728b)
Start importing Assets/Atrezzo/Bolet/Materials/mushroom_diffuse.mat using Guid(b71556bd8227b4c879b560cd10fe1792) Importer(815301076,1909f56bfc062723c751e8b465ee728b)  -> (artifact id: 'bd3b2bc52c48942a955d490a897026a2') in 0.057491 seconds
  Import took 0.064418 seconds .

========================================================================
Received Prepare
Registering precompiled user dll's ...
Registered in 0.003373 seconds.
Begin MonoManager ReloadAssembly
Native extension for WindowsStandalone target not found
Refreshing native plugins compatible for Editor in 0.76 ms, found 2 plugins.
Preloading 0 native plugins for Editor in 0.00 ms.
Invoked RoslynAnalysisRunner static constructor.
RoslynAnalysisRunner will not be running.
RoslynAnalysisRunner has terminated.
Mono: successfully reloaded assembly
- Completed reload, in  1.150 seconds
Platform modules already initialized, skipping
Shader 'Universal Render Pipeline/Particles/Lit': fallback shader 'Universal Render Pipeline/Particles/SimpleLit' not found
Refreshing native plugins compatible for Editor in 0.80 ms, found 2 plugins.
Preloading 0 native plugins for Editor in 0.00 ms.
Unloading 3471 Unused Serialized files (Serialized files now loaded: 0)
System memory in use before: 195.0 MB.
System memory in use after: 195.3 MB.

Unloading 9 unused Assets to reduce memory usage. Loaded Objects now: 4803.
Total: 3.181800 ms (FindLiveObjects: 0.433600 ms CreateObjectMapping: 0.228400 ms MarkObjects: 2.501000 ms  DeleteObjects: 0.017200 ms)

========================================================================
Received Import Request.
  Time since last request: 385.174031 seconds.
  path: Assets/Atrezzo/Prefabs/Materials
  artifactKey: Guid(b668d20bed0b44a13ad4caf433fb6475) Importer(815301076,1909f56bfc062723c751e8b465ee728b)
Start importing Assets/Atrezzo/Prefabs/Materials using Guid(b668d20bed0b44a13ad4caf433fb6475) Importer(815301076,1909f56bfc062723c751e8b465ee728b)  -> (artifact id: '2309d2adf1c94e6a16db8947c6f7f85e') in 0.016120 seconds
  Import took 0.024662 seconds .

========================================================================
Received Import Request.
  Time since last request: 0.050835 seconds.
  path: Assets/Atrezzo/Prefabs/Materials/Brush 6 Albedo A 1.png
  artifactKey: Guid(e49df7d273a1d4a2f9d799d1b3ff2ab0) Importer(815301076,1909f56bfc062723c751e8b465ee728b)
Start importing Assets/Atrezzo/Prefabs/Materials/Brush 6 Albedo A 1.png using Guid(e49df7d273a1d4a2f9d799d1b3ff2ab0) Importer(815301076,1909f56bfc062723c751e8b465ee728b)  -> (artifact id: 'bb63e35ed4518292df3f7392cd01c39a') in 0.072155 seconds
  Import took 0.078936 seconds .

========================================================================
Received Import Request.
  Time since last request: 0.000358 seconds.
  path: Assets/Atrezzo/Prefabs/Materials/Brush 6 Albedo C 1.png
  artifactKey: Guid(11e2554bd84804561a22b01fb5447cad) Importer(815301076,1909f56bfc062723c751e8b465ee728b)
Start importing Assets/Atrezzo/Prefabs/Materials/Brush 6 Albedo C 1.png using Guid(11e2554bd84804561a22b01fb5447cad) Importer(815301076,1909f56bfc062723c751e8b465ee728b)  -> (artifact id: '5fd164b237aa9939b46bb122a8403bbf') in 0.030659 seconds
  Import took 0.040486 seconds .

========================================================================
Received Import Request.
  Time since last request: 0.000363 seconds.
  path: Assets/Atrezzo/Prefabs/Materials/Brush 6 Material C_DetailMap 1.png
  artifactKey: Guid(bdfd6b75157b54c48a2b4d19f2f993e7) Importer(815301076,1909f56bfc062723c751e8b465ee728b)
Start importing Assets/Atrezzo/Prefabs/Materials/Brush 6 Material C_DetailMap 1.png using Guid(bdfd6b75157b54c48a2b4d19f2f993e7) Importer(815301076,1909f56bfc062723c751e8b465ee728b)  -> (artifact id: 'a792b0744c655cad80456e791e8afbff') in 0.031730 seconds
  Import took 0.038834 seconds .

========================================================================
Received Import Request.
  Time since last request: 0.000342 seconds.
  path: Assets/Atrezzo/Prefabs/Materials/Brush 6 Material B 1.mat
  artifactKey: Guid(c80f5da468ef34ba68ffd1e19da30c8f) Importer(815301076,1909f56bfc062723c751e8b465ee728b)
Start importing Assets/Atrezzo/Prefabs/Materials/Brush 6 Material B 1.mat using Guid(c80f5da468ef34ba68ffd1e19da30c8f) Importer(815301076,1909f56bfc062723c751e8b465ee728b)  -> (artifact id: '42043de2ea55df9ff8119f392db1b77d') in 0.575952 seconds
  Import took 0.582910 seconds .

========================================================================
Received Import Request.
  Time since last request: 0.000309 seconds.
  path: Assets/Atrezzo/Prefabs/Materials/Brush 6 Normal 1.png
  artifactKey: Guid(ae9b4ed3c93674fe799eb95b2eec3ee6) Importer(815301076,1909f56bfc062723c751e8b465ee728b)
Start importing Assets/Atrezzo/Prefabs/Materials/Brush 6 Normal 1.png using Guid(ae9b4ed3c93674fe799eb95b2eec3ee6) Importer(815301076,1909f56bfc062723c751e8b465ee728b)  -> (artifact id: '311123e1c22a229529487b6160a884f8') in 0.038270 seconds
  Import took 0.044381 seconds .

========================================================================
Received Import Request.
  Time since last request: 0.000330 seconds.
  path: Assets/Atrezzo/Prefabs/Materials/prova.mat
  artifactKey: Guid(e7a5fb81febdf4d63974e2a02dd70431) Importer(815301076,1909f56bfc062723c751e8b465ee728b)
Start importing Assets/Atrezzo/Prefabs/Materials/prova.mat using Guid(e7a5fb81febdf4d63974e2a02dd70431) Importer(815301076,1909f56bfc062723c751e8b465ee728b)  -> (artifact id: 'e5c237bbeed3a460a9679caea736be91') in 0.049993 seconds
  Import took 0.055975 seconds .

========================================================================
Received Import Request.
  Time since last request: 0.000291 seconds.
  path: Assets/Atrezzo/Prefabs/Materials/Brush 6 Material D 1.mat
  artifactKey: Guid(b1faf80c21b0543f6bcbfc7a3b27dc68) Importer(815301076,1909f56bfc062723c751e8b465ee728b)
Start importing Assets/Atrezzo/Prefabs/Materials/Brush 6 Material D 1.mat using Guid(b1faf80c21b0543f6bcbfc7a3b27dc68) Importer(815301076,1909f56bfc062723c751e8b465ee728b)  -> (artifact id: 'bbb90b2003c13c18445844d5e69960e9') in 0.054732 seconds
  Import took 0.061944 seconds .

========================================================================
Received Import Request.
  Time since last request: 0.000339 seconds.
  path: Assets/Atrezzo/Prefabs/Materials/Brush 6 Material A_DetailMap 1.png
  artifactKey: Guid(64b1ff4ffe36948b3809b8ab85a9b244) Importer(815301076,1909f56bfc062723c751e8b465ee728b)
Start importing Assets/Atrezzo/Prefabs/Materials/Brush 6 Material A_DetailMap 1.png using Guid(64b1ff4ffe36948b3809b8ab85a9b244) Importer(815301076,1909f56bfc062723c751e8b465ee728b)  -> (artifact id: '055f26d7ac586276750df321cc9f4bff') in 0.029142 seconds
  Import took 0.035571 seconds .

========================================================================
Received Import Request.
  Time since last request: 0.000289 seconds.
  path: Assets/Atrezzo/Prefabs/Materials/Brush 6 Specular 1.png
  artifactKey: Guid(647b762e8468740319f55e37e4e422cd) Importer(815301076,1909f56bfc062723c751e8b465ee728b)
Start importing Assets/Atrezzo/Prefabs/Materials/Brush 6 Specular 1.png using Guid(647b762e8468740319f55e37e4e422cd) Importer(815301076,1909f56bfc062723c751e8b465ee728b)  -> (artifact id: '2b86eaf586b0f077e280f7ca57b86264') in 0.030878 seconds
  Import took 0.038860 seconds .

========================================================================
Received Import Request.
  Time since last request: 0.000282 seconds.
  path: Assets/Atrezzo/Prefabs/Materials/Brush 6 Material B_DetailMap 1.png
  artifactKey: Guid(79f8df3135671495bbe8dc133eecc51f) Importer(815301076,1909f56bfc062723c751e8b465ee728b)
Start importing Assets/Atrezzo/Prefabs/Materials/Brush 6 Material B_DetailMap 1.png using Guid(79f8df3135671495bbe8dc133eecc51f) Importer(815301076,1909f56bfc062723c751e8b465ee728b)  -> (artifact id: '3f4a03e97a88b880431657a2ec6ece69') in 0.030044 seconds
  Import took 0.038615 seconds .

========================================================================
Received Import Request.
  Time since last request: 0.000411 seconds.
  path: Assets/Atrezzo/Prefabs/Materials/Brush 6 Material C 1.mat
  artifactKey: Guid(0521394abf5e54d729c9aacb673f3239) Importer(815301076,1909f56bfc062723c751e8b465ee728b)
Start importing Assets/Atrezzo/Prefabs/Materials/Brush 6 Material C 1.mat using Guid(0521394abf5e54d729c9aacb673f3239) Importer(815301076,1909f56bfc062723c751e8b465ee728b)  -> (artifact id: '84a1dde8ff045a80c3ec3731b76e6c4b') in 0.054093 seconds
  Import took 0.061782 seconds .

========================================================================
Received Import Request.
  Time since last request: 0.000275 seconds.
  path: Assets/Atrezzo/Prefabs/Materials/Brush 6 Material D_DetailMap 1.png
  artifactKey: Guid(9502b556f91c84033b0d6e067acf0525) Importer(815301076,1909f56bfc062723c751e8b465ee728b)
Start importing Assets/Atrezzo/Prefabs/Materials/Brush 6 Material D_DetailMap 1.png using Guid(9502b556f91c84033b0d6e067acf0525) Importer(815301076,1909f56bfc062723c751e8b465ee728b)  -> (artifact id: 'de543e7849443824f46096d6e7f70492') in 0.028113 seconds
  Import took 0.035708 seconds .

========================================================================
Received Import Request.
  Time since last request: 0.000324 seconds.
  path: Assets/Atrezzo/Prefabs/Materials/Brush camins.mat
  artifactKey: Guid(821b16b7843c64105bb451fdb980e1a6) Importer(815301076,1909f56bfc062723c751e8b465ee728b)
Start importing Assets/Atrezzo/Prefabs/Materials/Brush camins.mat using Guid(821b16b7843c64105bb451fdb980e1a6) Importer(815301076,1909f56bfc062723c751e8b465ee728b)  -> (artifact id: 'c18cdc432411dfebd78a375e5ce40241') in 0.053511 seconds
  Import took 0.061532 seconds .

========================================================================
Received Import Request.
  Time since last request: 0.000251 seconds.
  path: Assets/Atrezzo/Prefabs/Materials/Brush 6 Albedo B 1.png
  artifactKey: Guid(4793e3ba921d841d5b0bd388897986d7) Importer(815301076,1909f56bfc062723c751e8b465ee728b)
Start importing Assets/Atrezzo/Prefabs/Materials/Brush 6 Albedo B 1.png using Guid(4793e3ba921d841d5b0bd388897986d7) Importer(815301076,1909f56bfc062723c751e8b465ee728b)  -> (artifact id: '3bbae2a583354a8c6e75626703cb0c5e') in 0.027592 seconds
  Import took 0.035743 seconds .

========================================================================
Received Import Request.
  Time since last request: 0.000313 seconds.
  path: Assets/Atrezzo/Prefabs/Materials/Brush 6 Material A 3.mat
  artifactKey: Guid(908ecd612e04f415da30faa429584e74) Importer(815301076,1909f56bfc062723c751e8b465ee728b)
Start importing Assets/Atrezzo/Prefabs/Materials/Brush 6 Material A 3.mat using Guid(908ecd612e04f415da30faa429584e74) Importer(815301076,1909f56bfc062723c751e8b465ee728b)  -> (artifact id: '69d832fe0eff929768fc1636d875c902') in 0.049850 seconds
  Import took 0.057515 seconds .

========================================================================
Received Import Request.
  Time since last request: 0.000275 seconds.
  path: Assets/Atrezzo/Prefabs/Materials/Brush 6 Albedo D 2.png
  artifactKey: Guid(6bd39191dc0de426490b9100056a988b) Importer(815301076,1909f56bfc062723c751e8b465ee728b)
Start importing Assets/Atrezzo/Prefabs/Materials/Brush 6 Albedo D 2.png using Guid(6bd39191dc0de426490b9100056a988b) Importer(815301076,1909f56bfc062723c751e8b465ee728b)  -> (artifact id: '9ae345e28c55139de12b08cb11597012') in 0.029395 seconds
  Import took 0.036431 seconds .

========================================================================
Received Import Request.
  Time since last request: 3.404257 seconds.
  path: Assets/Atrezzo/Prefabs/Espais
  artifactKey: Guid(88da2acb8254c4be99518e955f986270) Importer(815301076,1909f56bfc062723c751e8b465ee728b)
Start importing Assets/Atrezzo/Prefabs/Espais using Guid(88da2acb8254c4be99518e955f986270) Importer(815301076,1909f56bfc062723c751e8b465ee728b)  -> (artifact id: '4da1edadbe9ce505df0c4e75af78164e') in 0.012955 seconds
  Import took 0.019828 seconds .

========================================================================
Received Import Request.
  Time since last request: 0.007577 seconds.
  path: Assets/Atrezzo/Prefabs/Espais
  artifactKey: Guid(88da2acb8254c4be99518e955f986270) Importer(815301076,1909f56bfc062723c751e8b465ee728b)
Start importing Assets/Atrezzo/Prefabs/Espais using Guid(88da2acb8254c4be99518e955f986270) Importer(815301076,1909f56bfc062723c751e8b465ee728b)  -> (artifact id: '4da1edadbe9ce505df0c4e75af78164e') in 0.003941 seconds
  Import took 0.013665 seconds .

========================================================================
Received Import Request.
  Time since last request: 0.015584 seconds.
  path: Assets/Atrezzo/Prefabs/Espais/Material Camins.mat
  artifactKey: Guid(62c08ef911a0f47f1bd8ce3d4633a2f1) Importer(815301076,1909f56bfc062723c751e8b465ee728b)
Start importing Assets/Atrezzo/Prefabs/Espais/Material Camins.mat using Guid(62c08ef911a0f47f1bd8ce3d4633a2f1) Importer(815301076,1909f56bfc062723c751e8b465ee728b)  -> (artifact id: '3b1aa73f3fda19126b09f187106160bb') in 5.779064 seconds
  Import took 5.785975 seconds .

========================================================================
Received Import Request.
  Time since last request: 0.000355 seconds.
  path: Assets/Atrezzo/Prefabs/Espais/MaterialEspais.mat
  artifactKey: Guid(a7211e07030ed4d48a5d1cfdd0b48a9e) Importer(815301076,1909f56bfc062723c751e8b465ee728b)
Start importing Assets/Atrezzo/Prefabs/Espais/MaterialEspais.mat using Guid(a7211e07030ed4d48a5d1cfdd0b48a9e) Importer(815301076,1909f56bfc062723c751e8b465ee728b)  -> (artifact id: 'ee7019c00dd82cd7e77d5905185c3a8e') in 0.039427 seconds
  Import took 0.045754 seconds .

AssetImportWorkerClient::OnTransportError - code=2 error=End of file
